<?xml version="1.0" encoding="UTF-8"?>
<!-- Generated by org.testng.reporters.JUnitXMLReporter -->
<testsuite hostname="Rev-PF1JT47A" ignored="0" name="Surefire test" tests="5" failures="0" timestamp="2022-04-26T10:49:10 EDT" time="0.061" errors="0">
  <testcase name="personDoesNotExist" time="0.004" classname="com.revature.tests.dal.PersonDAOTests"/>
  <testcase name="createPersonSuccess" time="0.001" classname="com.revature.tests.dal.PersonDAOTests"/>
  <testcase name="getPersonSuccess" time="0.0" classname="com.revature.tests.dal.PersonDAOTests"/>
  <testcase name="noDerek" time="0.0" classname="com.revature.tests.sl.PersonServiceTests"/>
  <testcase name="personNotFound" time="0.0" classname="com.revature.tests.sl.PersonServiceTests"/>
</testsuite> <!-- Surefire test -->
