<?xml version="1.0" encoding="UTF-8"?>
<testsuite xmlns:xsi="http://www.w3.org/2001/XMLSchema-instance" xsi:noNamespaceSchemaLocation="https://maven.apache.org/surefire/maven-surefire-plugin/xsd/surefire-test-report-3.0.xsd" version="3.0" name="TestSuite" time="0.726" tests="5" errors="0" skipped="0" failures="0">
  <properties>
[...]
</properties>
  <testcase name="personDoesNotExist" classname="com.revature.tests.dal.PersonDAOTests" time="0.005"/>
  <testcase name="createPersonSuccess" classname="com.revature.tests.dal.PersonDAOTests" time="0"/>
  <testcase name="getPersonSuccess" classname="com.revature.tests.dal.PersonDAOTests" time="0"/>
  <testcase name="noDerek" classname="com.revature.tests.sl.PersonServiceTests" time="0"/>
  <testcase name="personNotFound" classname="com.revature.tests.sl.PersonServiceTests" time="0"/>
</testsuite>